<?xml version="1.0" encoding="UTF-8"?>
<!-- Generated by org.testng.reporters.JUnitReportReporter -->
<testsuite hostname="DESKTOP-IENV73K" failures="0" tests="1" name="testcases.TC_003_Task" time="32.525" errors="0" timestamp="2024-11-05T10:42:19 IST" skipped="0">
  <testcase classname="testcases.TC_003_Task" name="Testfun" time="32.525"/>
  <system-out/>
</testsuite> <!-- testcases.TC_003_Task -->
