<?xml version="1.0" encoding="UTF-8"?>
<!-- Generated by org.testng.reporters.JUnitReportReporter -->
<testsuite hostname="DESKTOP-IENV73K" failures="0" tests="1" name="testcases.TC_001_LumaRegistration" time="3.972" errors="0" timestamp="2024-11-04T12:22:45 IST" skipped="0">
  <testcase classname="testcases.TC_001_LumaRegistration" name="LumaRegisration" time="3.972"/>
  <system-out/>
</testsuite> <!-- testcases.TC_001_LumaRegistration -->
