<?xml version="1.0" encoding="UTF-8"?>
<!-- Generated by org.testng.reporters.JUnitReportReporter -->
<testsuite hostname="DESKTOP-IENV73K" failures="0" tests="1" name="testcases.TC_002_Login" time="3.626" errors="0" timestamp="2024-10-30T14:46:47 IST" skipped="0">
  <testcase classname="testcases.TC_002_Login" name="loginFunction" time="3.626"/>
  <system-out/>
</testsuite> <!-- testcases.TC_002_Login -->
