<?xml version="1.0" encoding="UTF-8"?>
<!-- Generated by org.testng.reporters.JUnitReportReporter -->
<testsuite hostname="DESKTOP-IENV73K" failures="0" tests="1" name="testcases.TC_01_LumaRegistration" time="5.555" errors="0" timestamp="2024-10-30T11:51:46 IST" skipped="0">
  <testcase classname="testcases.TC_01_LumaRegistration" name="LumaRegisration" time="5.555"/>
  <system-out/>
</testsuite> <!-- testcases.TC_01_LumaRegistration -->
